<?xml version="1.0" encoding="UTF-8"?>
<testsuite name="com.algaworks.algashop.billing.application.invoice.query.InvoiceQueryServiceIT" tests="1" skipped="0" failures="0" errors="0" timestamp="2026-05-27T21:14:26.965Z" hostname="192.168.0.5" time="0.026">
  <properties/>
  <testcase name="shouldFindByOrderId()" classname="com.algaworks.algashop.billing.application.invoice.query.InvoiceQueryServiceIT" time="0.026"/>
  <system-out><![CDATA[2026-05-27T18:14:26.955-03:00  INFO 2430 --- [billing] [    Test worker] t.c.s.AnnotationConfigContextLoaderUtils : Could not detect default configuration classes for test class [com.algaworks.algashop.billing.application.invoice.query.InvoiceQueryServiceIT]: InvoiceQueryServiceIT does not declare any static, non-private, non-final, nested classes annotated with @Configuration.
2026-05-27T18:14:26.964-03:00  INFO 2430 --- [billing] [    Test worker] .b.t.c.SpringBootTestContextBootstrapper : Found @SpringBootConfiguration com.algaworks.algashop.billing.BillingApplication for test class com.algaworks.algashop.billing.application.invoice.query.InvoiceQueryServiceIT
Hibernate: select i1_0.id,i1_0.cancel_reason,i1_0.canceled_at,i1_0.created_at,i1_0.created_by_user_id,i1_0.customer_id,i1_0.expires_at,i1_0.issue_date,i1_0.last_modified_by_user_id,i1_0.last_modified_date,i1_0.order_id,i1_0.paid_at,i1_0.payer_address_city,i1_0.payer_address_complement,i1_0.payer_address_neighborhood,i1_0.payer_address_number,i1_0.payer_address_state,i1_0.payer_address_street,i1_0.payer_address_zip_code,i1_0.payer_document,i1_0.payer_email,i1_0.payer_full_name,i1_0.payer_phone,ps1_0.id,ps1_0.credit_card_id,ps1_0.gateway_code,ps1_0.method,i1_0.status,i1_0.total_amount,i1_0.version from invoice i1_0 left join payment_settings ps1_0 on ps1_0.id=i1_0.payment_settings_id where i1_0.id=?
Hibernate: select ps1_0.id,ps1_0.credit_card_id,ps1_0.gateway_code,i1_0.id,i1_0.cancel_reason,i1_0.canceled_at,i1_0.created_at,i1_0.created_by_user_id,i1_0.customer_id,i1_0.expires_at,i1_0.issue_date,i1_0.last_modified_by_user_id,i1_0.last_modified_date,i1_0.order_id,i1_0.paid_at,i1_0.payer_address_city,i1_0.payer_address_complement,i1_0.payer_address_neighborhood,i1_0.payer_address_number,i1_0.payer_address_state,i1_0.payer_address_street,i1_0.payer_address_zip_code,i1_0.payer_document,i1_0.payer_email,i1_0.payer_full_name,i1_0.payer_phone,i1_0.status,i1_0.total_amount,i1_0.version,ps1_0.method from payment_settings ps1_0 left join invoice i1_0 on ps1_0.id=i1_0.payment_settings_id where ps1_0.id=?
Hibernate: insert into payment_settings (credit_card_id,gateway_code,method,id) values (?,?,?,?)
Hibernate: insert into invoice (cancel_reason,canceled_at,created_at,created_by_user_id,customer_id,expires_at,issue_date,last_modified_by_user_id,last_modified_date,order_id,paid_at,payer_address_city,payer_address_complement,payer_address_neighborhood,payer_address_number,payer_address_state,payer_address_street,payer_address_zip_code,payer_document,payer_email,payer_full_name,payer_phone,payment_settings_id,status,total_amount,version,id) values (?,?,?,?,?,?,?,?,?,?,?,?,?,?,?,?,?,?,?,?,?,?,?,?,?,?,?)
Hibernate: insert into invoice_line_item (invoice_id,"items_amount","items_name","items_number") values (?,?,?,?)
Hibernate: select i1_0.id,i1_0.cancel_reason,i1_0.canceled_at,i1_0.created_at,i1_0.created_by_user_id,i1_0.customer_id,i1_0.expires_at,i1_0.issue_date,i1_0.last_modified_by_user_id,i1_0.last_modified_date,i1_0.order_id,i1_0.paid_at,i1_0.payer_address_city,i1_0.payer_address_complement,i1_0.payer_address_neighborhood,i1_0.payer_address_number,i1_0.payer_address_state,i1_0.payer_address_street,i1_0.payer_address_zip_code,i1_0.payer_document,i1_0.payer_email,i1_0.payer_full_name,i1_0.payer_phone,i1_0.payment_settings_id,i1_0.status,i1_0.total_amount,i1_0.version from invoice i1_0 where i1_0.order_id=?
]]></system-out>
  <system-err><![CDATA[]]></system-err>
</testsuite>
