<?xml version="1.0" encoding="UTF-8"?>
<testsuite name="com.algaworks.algashop.billing.BillingApplicationIT" tests="1" skipped="0" failures="0" errors="0" timestamp="2026-05-27T05:41:32.731Z" hostname="Juans-Mac-mini.local" time="0.072">
  <properties/>
  <testcase name="contextLoads()" classname="com.algaworks.algashop.billing.BillingApplicationIT" time="0.072"/>
  <system-out><![CDATA[Standard Commons Logging discovery in action with spring-jcl: please remove commons-logging.jar from classpath in order to avoid potential conflicts
02:41:31.695 [Test worker] INFO org.springframework.test.context.support.AnnotationConfigContextLoaderUtils -- Could not detect default configuration classes for test class [com.algaworks.algashop.billing.BillingApplicationIT]: BillingApplicationIT does not declare any static, non-private, non-final, nested classes annotated with @Configuration.
02:41:31.733 [Test worker] INFO org.springframework.boot.test.context.SpringBootTestContextBootstrapper -- Found @SpringBootConfiguration com.algaworks.algashop.billing.BillingApplication for test class com.algaworks.algashop.billing.BillingApplicationIT

  .   ____          _            __ _ _
 /\\ / ___'_ __ _ _(_)_ __  __ _ \ \ \ \
( ( )\___ | '_ | '_| | '_ \/ _` | \ \ \ \
 \\/  ___)| |_)| | | | | || (_| |  ) ) ) )
  '  |____| .__|_| |_|_| |_\__, | / / / /
 =========|_|==============|___/=/_/_/_/

 :: Spring Boot ::               (v3.5.14)

2026-05-27T02:41:31.883-03:00  INFO 41302 --- [billing] [    Test worker] c.a.a.billing.BillingApplicationIT       : Starting BillingApplicationIT using Java 21.0.8 with PID 41302 (started by jucami90 in /Users/jucami90/Documents/Curso Microservicios/EMS/algashop/microservices/billing)
2026-05-27T02:41:31.883-03:00  INFO 41302 --- [billing] [    Test worker] c.a.a.billing.BillingApplicationIT       : The following 1 profile is active: "test"
2026-05-27T02:41:32.089-03:00  INFO 41302 --- [billing] [    Test worker] .s.d.r.c.RepositoryConfigurationDelegate : Bootstrapping Spring Data JPA repositories in DEFAULT mode.
2026-05-27T02:41:32.098-03:00  INFO 41302 --- [billing] [    Test worker] .s.d.r.c.RepositoryConfigurationDelegate : Finished Spring Data repository scanning in 5 ms. Found 0 JPA repository interfaces.
2026-05-27T02:41:32.218-03:00  INFO 41302 --- [billing] [    Test worker] o.hibernate.jpa.internal.util.LogHelper  : HHH000204: Processing PersistenceUnitInfo [name: default]
2026-05-27T02:41:32.241-03:00  INFO 41302 --- [billing] [    Test worker] org.hibernate.Version                    : HHH000412: Hibernate ORM core version 6.6.49.Final
2026-05-27T02:41:32.253-03:00  INFO 41302 --- [billing] [    Test worker] o.h.c.internal.RegionFactoryInitiator    : HHH000026: Second-level cache disabled
2026-05-27T02:41:32.346-03:00  INFO 41302 --- [billing] [    Test worker] o.s.o.j.p.SpringPersistenceUnitInfo      : No LoadTimeWeaver setup: ignoring JPA class transformer
2026-05-27T02:41:32.357-03:00  INFO 41302 --- [billing] [    Test worker] com.zaxxer.hikari.HikariDataSource       : HikariPool-1 - Starting...
2026-05-27T02:41:32.417-03:00  INFO 41302 --- [billing] [    Test worker] com.zaxxer.hikari.pool.HikariPool        : HikariPool-1 - Added connection conn0: url=jdbc:h2:mem:billing-test user=SA
2026-05-27T02:41:32.417-03:00  INFO 41302 --- [billing] [    Test worker] com.zaxxer.hikari.HikariDataSource       : HikariPool-1 - Start completed.
2026-05-27T02:41:32.427-03:00  WARN 41302 --- [billing] [    Test worker] org.hibernate.orm.deprecation            : HHH90000025: H2Dialect does not need to be specified explicitly using 'hibernate.dialect' (remove the property setting and it will be selected by default)
2026-05-27T02:41:32.433-03:00  INFO 41302 --- [billing] [    Test worker] org.hibernate.orm.connections.pooling    : HHH10001005: Database info:
	Database JDBC URL [Connecting through datasource 'HikariDataSource (HikariPool-1)']
	Database driver: undefined/unknown
	Database version: 2.3.232
	Autocommit mode: undefined/unknown
	Isolation level: undefined/unknown
	Minimum pool size: undefined/unknown
	Maximum pool size: undefined/unknown
2026-05-27T02:41:32.542-03:00  INFO 41302 --- [billing] [    Test worker] o.h.e.t.j.p.i.JtaPlatformInitiator       : HHH000489: No JTA platform available (set 'hibernate.transaction.jta.platform' to enable JTA platform integration)
2026-05-27T02:41:32.543-03:00  INFO 41302 --- [billing] [    Test worker] j.LocalContainerEntityManagerFactoryBean : Initialized JPA EntityManagerFactory for persistence unit 'default'
2026-05-27T02:41:32.585-03:00  WARN 41302 --- [billing] [    Test worker] JpaBaseConfiguration$JpaWebConfiguration : spring.jpa.open-in-view is enabled by default. Therefore, database queries may be performed during view rendering. Explicitly configure spring.jpa.open-in-view to disable this warning
2026-05-27T02:41:32.698-03:00  INFO 41302 --- [billing] [    Test worker] o.s.b.a.h2.H2ConsoleAutoConfiguration    : H2 console available at '/h2-console'. Database available at 'jdbc:h2:mem:billing-test'
2026-05-27T02:41:32.726-03:00  INFO 41302 --- [billing] [    Test worker] c.a.a.billing.BillingApplicationIT       : Started BillingApplicationIT in 0.94 seconds (process running for 1.365)
]]></system-out>
  <system-err><![CDATA[]]></system-err>
</testsuite>
